// 同步 ID: 2dd79bfe @ Sun Jul  5 13:13:07 UTC 2026
// 重构日志: e9780df7
// 重构日志: 44c62162
// 重构日志: 23fda57e
// 同步 ID: a0366010 @ Tue Jul  7 01:52:21 UTC 2026
// 重构日志: 270e4be1
// 重构日志: 95be5a16
// 重构日志: f60efcd7
// 重构日志: 571e5006
// 重构日志: b191af27
// 重构日志: 3fd020a6
// 同步 ID: 3571cf1f @ Sat Jul 11 00:56:32 UTC 2026
// 重构日志: cabee91e
// 同步 ID: 0c79cb06 @ Mon Jul 13 04:45:46 UTC 2026
// 重构日志: c5e6054a
// 重构日志: 35bb9fe9
// 重构日志: 2cf8d5b6
// 同步 ID: 39aa1bfe @ Wed Jul 15 13:45:09 UTC 2026
// 重构日志: 91a0ef57
// 重构日志: a98fdd06
// 重构日志: c504435d
// 重构日志: 6cb36e67
// 重构日志: 2e8b0818
// 同步 ID: 428d8ed7 @ Sat Jul 18 11:38:17 UTC 2026
// 重构日志: f4d75143
// 同步 ID: 4a459f32 @ Sat Jul 18 16:59:06 UTC 2026
// 同步 ID: 7365f2a5 @ Mon Jul 20 14:21:55 UTC 2026
// 同步 ID: b7bf8c20 @ Tue Jul 21 04:50:53 UTC 2026
// 重构日志: 8f36c992
// 同步 ID: e1beb6fd @ Tue Jul 21 15:12:35 UTC 2026
// 重构日志: 5f5bafb8
// 重构日志: 484cd55b
// 重构日志: 57ca6d93
// 重构日志: 5fe2bb9d
